------------------------------------------------------------
Client connecting to 192.168.1.20, TCP port 5001
TCP window size: 85.0 KByte (default)
------------------------------------------------------------
[  7] local 192.168.1.10 port 58816 connected with 192.168.1.20 port 5001
[  4] local 192.168.1.10 port 58808 connected with 192.168.1.20 port 5001
[  5] local 192.168.1.10 port 58810 connected with 192.168.1.20 port 5001
[  3] local 192.168.1.10 port 58812 connected with 192.168.1.20 port 5001
[  6] local 192.168.1.10 port 58814 connected with 192.168.1.20 port 5001
[ ID] Interval       Transfer     Bandwidth
[  3]  0.0- 2.0 sec  56.6 MBytes   238 Mbits/sec
[  7]  0.0- 2.0 sec  56.9 MBytes   239 Mbits/sec
[  5]  0.0- 2.0 sec  21.4 MBytes  89.7 Mbits/sec
[  6]  0.0- 2.0 sec  56.9 MBytes   239 Mbits/sec
[  4]  0.0- 2.0 sec  35.8 MBytes   150 Mbits/sec
[SUM]  0.0- 2.0 sec   228 MBytes   954 Mbits/sec
[  7]  2.0- 4.0 sec  56.1 MBytes   235 Mbits/sec
[  3]  2.0- 4.0 sec  56.1 MBytes   235 Mbits/sec
[  5]  2.0- 4.0 sec  28.1 MBytes   118 Mbits/sec
[  6]  2.0- 4.0 sec  56.2 MBytes   236 Mbits/sec
[  4]  2.0- 4.0 sec  28.1 MBytes   118 Mbits/sec
[SUM]  2.0- 4.0 sec   225 MBytes   943 Mbits/sec
[  3]  4.0- 6.0 sec  56.2 MBytes   236 Mbits/sec
[  7]  4.0- 6.0 sec  56.2 MBytes   236 Mbits/sec
[  5]  4.0- 6.0 sec  28.1 MBytes   118 Mbits/sec
[  6]  4.0- 6.0 sec  56.1 MBytes   235 Mbits/sec
[  4]  4.0- 6.0 sec  28.1 MBytes   118 Mbits/sec
[SUM]  4.0- 6.0 sec   225 MBytes   943 Mbits/sec
[  7]  6.0- 8.0 sec  56.0 MBytes   235 Mbits/sec
[  4]  6.0- 8.0 sec  27.9 MBytes   117 Mbits/sec
[  3]  6.0- 8.0 sec  56.1 MBytes   235 Mbits/sec
[  5]  6.0- 8.0 sec  28.1 MBytes   118 Mbits/sec
[  6]  6.0- 8.0 sec  56.1 MBytes   235 Mbits/sec
[SUM]  6.0- 8.0 sec   224 MBytes   941 Mbits/sec
[  7]  8.0-10.0 sec  56.1 MBytes   235 Mbits/sec
[  4]  8.0-10.0 sec  28.1 MBytes   118 Mbits/sec
[  5]  8.0-10.0 sec  27.9 MBytes   117 Mbits/sec
[  3]  8.0-10.0 sec  56.1 MBytes   235 Mbits/sec
[  6]  8.0-10.0 sec  56.1 MBytes   235 Mbits/sec
[SUM]  8.0-10.0 sec   224 MBytes   941 Mbits/sec
[  3] 10.0-12.0 sec  56.1 MBytes   235 Mbits/sec
[  7] 10.0-12.0 sec  56.2 MBytes   236 Mbits/sec
[  4] 10.0-12.0 sec  28.1 MBytes   118 Mbits/sec
[  5] 10.0-12.0 sec  28.1 MBytes   118 Mbits/sec
[  6] 10.0-12.0 sec  56.1 MBytes   235 Mbits/sec
[SUM] 10.0-12.0 sec   225 MBytes   943 Mbits/sec
[  7] 12.0-14.0 sec  56.1 MBytes   235 Mbits/sec
[  4] 12.0-14.0 sec  28.1 MBytes   118 Mbits/sec
[  5] 12.0-14.0 sec  28.1 MBytes   118 Mbits/sec
[  3] 12.0-14.0 sec  56.4 MBytes   236 Mbits/sec
[  6] 12.0-14.0 sec  56.2 MBytes   236 Mbits/sec
[SUM] 12.0-14.0 sec   225 MBytes   944 Mbits/sec
[  7] 14.0-16.0 sec  56.1 MBytes   235 Mbits/sec
[  4] 14.0-16.0 sec  27.9 MBytes   117 Mbits/sec
[  5] 14.0-16.0 sec  28.1 MBytes   118 Mbits/sec
[  3] 14.0-16.0 sec  56.2 MBytes   236 Mbits/sec
[  6] 14.0-16.0 sec  56.1 MBytes   235 Mbits/sec
[SUM] 14.0-16.0 sec   224 MBytes   942 Mbits/sec
[  7] 16.0-18.0 sec  56.1 MBytes   235 Mbits/sec
[  4] 16.0-18.0 sec  28.1 MBytes   118 Mbits/sec
[  6] 16.0-18.0 sec  56.1 MBytes   235 Mbits/sec
[  5] 16.0-18.0 sec  28.1 MBytes   118 Mbits/sec
[  3] 16.0-18.0 sec  56.1 MBytes   235 Mbits/sec
[SUM] 16.0-18.0 sec   225 MBytes   942 Mbits/sec
[  7] 18.0-20.0 sec  56.1 MBytes   235 Mbits/sec
[  7]  0.0-20.0 sec   562 MBytes   236 Mbits/sec
[  4] 18.0-20.0 sec  28.1 MBytes   118 Mbits/sec
[  4]  0.0-20.0 sec   288 MBytes   121 Mbits/sec
[  3]  0.0-20.0 sec   562 MBytes   236 Mbits/sec
[  6] 18.0-20.0 sec  56.1 MBytes   235 Mbits/sec
[  6]  0.0-20.0 sec   562 MBytes   236 Mbits/sec
[  5] 18.0-20.0 sec  28.0 MBytes   117 Mbits/sec
[  5]  0.0-20.0 sec   274 MBytes   115 Mbits/sec
[SUM]  0.0-20.0 sec  2.20 GBytes   943 Mbits/sec
