------------------------------------------------------------
Client connecting to 192.168.11.210, TCP port 5001
TCP window size: 85.0 KByte (default)
------------------------------------------------------------
[ 11] local 192.168.11.110 port 40626 connected with 192.168.11.210 port 5001
[  3] local 192.168.11.110 port 40608 connected with 192.168.11.210 port 5001
[  5] local 192.168.11.110 port 40612 connected with 192.168.11.210 port 5001
[  4] local 192.168.11.110 port 40610 connected with 192.168.11.210 port 5001
[  6] local 192.168.11.110 port 40614 connected with 192.168.11.210 port 5001
[  7] local 192.168.11.110 port 40616 connected with 192.168.11.210 port 5001
[  8] local 192.168.11.110 port 40618 connected with 192.168.11.210 port 5001
[  9] local 192.168.11.110 port 40620 connected with 192.168.11.210 port 5001
[ 10] local 192.168.11.110 port 40622 connected with 192.168.11.210 port 5001
[ 12] local 192.168.11.110 port 40624 connected with 192.168.11.210 port 5001
[ ID] Interval       Transfer     Bandwidth
[  5]  0.0- 2.0 sec   282 MBytes  1.18 Gbits/sec
[  4]  0.0- 2.0 sec   282 MBytes  1.18 Gbits/sec
[  6]  0.0- 2.0 sec   118 MBytes   495 Mbits/sec
[  7]  0.0- 2.0 sec   113 MBytes   472 Mbits/sec
[  8]  0.0- 2.0 sec   282 MBytes  1.18 Gbits/sec
[  9]  0.0- 2.0 sec   282 MBytes  1.18 Gbits/sec
[ 10]  0.0- 2.0 sec   282 MBytes  1.18 Gbits/sec
[ 11]  0.0- 2.0 sec   170 MBytes   714 Mbits/sec
[  3]  0.0- 2.0 sec   165 MBytes   690 Mbits/sec
[ 12]  0.0- 2.0 sec   282 MBytes  1.18 Gbits/sec
[SUM]  0.0- 2.0 sec  2.20 GBytes  9.47 Gbits/sec
[ 11]  2.0- 4.0 sec   168 MBytes   705 Mbits/sec
[  3]  2.0- 4.0 sec   141 MBytes   591 Mbits/sec
[  5]  2.0- 4.0 sec   281 MBytes  1.18 Gbits/sec
[  4]  2.0- 4.0 sec   281 MBytes  1.18 Gbits/sec
[  6]  2.0- 4.0 sec   140 MBytes   587 Mbits/sec
[  7]  2.0- 4.0 sec   112 MBytes   472 Mbits/sec
[  8]  2.0- 4.0 sec   281 MBytes  1.18 Gbits/sec
[  9]  2.0- 4.0 sec   280 MBytes  1.18 Gbits/sec
[ 10]  2.0- 4.0 sec   281 MBytes  1.18 Gbits/sec
[ 12]  2.0- 4.0 sec   280 MBytes  1.18 Gbits/sec
[SUM]  2.0- 4.0 sec  2.19 GBytes  9.41 Gbits/sec
[ 11]  4.0- 6.0 sec   168 MBytes   707 Mbits/sec
[  3]  4.0- 6.0 sec   140 MBytes   588 Mbits/sec
[  5]  4.0- 6.0 sec   280 MBytes  1.18 Gbits/sec
[  4]  4.0- 6.0 sec   280 MBytes  1.18 Gbits/sec
[  6]  4.0- 6.0 sec   140 MBytes   589 Mbits/sec
[  7]  4.0- 6.0 sec   112 MBytes   471 Mbits/sec
[  8]  4.0- 6.0 sec   280 MBytes  1.18 Gbits/sec
[  9]  4.0- 6.0 sec   280 MBytes  1.18 Gbits/sec
[ 10]  4.0- 6.0 sec   280 MBytes  1.18 Gbits/sec
[ 12]  4.0- 6.0 sec   280 MBytes  1.18 Gbits/sec
[SUM]  4.0- 6.0 sec  2.19 GBytes  9.41 Gbits/sec
[  5]  6.0- 8.0 sec   280 MBytes  1.18 Gbits/sec
[  4]  6.0- 8.0 sec   280 MBytes  1.18 Gbits/sec
[  8]  6.0- 8.0 sec   280 MBytes  1.18 Gbits/sec
[ 10]  6.0- 8.0 sec   280 MBytes  1.18 Gbits/sec
[ 12]  6.0- 8.0 sec   281 MBytes  1.18 Gbits/sec
[ 11]  6.0- 8.0 sec   168 MBytes   707 Mbits/sec
[  3]  6.0- 8.0 sec   140 MBytes   589 Mbits/sec
[  6]  6.0- 8.0 sec   140 MBytes   589 Mbits/sec
[  7]  6.0- 8.0 sec   112 MBytes   471 Mbits/sec
[  9]  6.0- 8.0 sec   281 MBytes  1.18 Gbits/sec
[SUM]  6.0- 8.0 sec  2.19 GBytes  9.42 Gbits/sec
[ 11]  8.0-10.0 sec   168 MBytes   705 Mbits/sec
[  3]  8.0-10.0 sec   140 MBytes   588 Mbits/sec
[  5]  8.0-10.0 sec   280 MBytes  1.18 Gbits/sec
[  4]  8.0-10.0 sec   280 MBytes  1.18 Gbits/sec
[  6]  8.0-10.0 sec   140 MBytes   587 Mbits/sec
[  7]  8.0-10.0 sec   112 MBytes   471 Mbits/sec
[  8]  8.0-10.0 sec   280 MBytes  1.18 Gbits/sec
[  9]  8.0-10.0 sec   280 MBytes  1.18 Gbits/sec
[ 10]  8.0-10.0 sec   280 MBytes  1.18 Gbits/sec
[ 12]  8.0-10.0 sec   280 MBytes  1.18 Gbits/sec
[SUM]  8.0-10.0 sec  2.19 GBytes  9.41 Gbits/sec
[ 11] 10.0-12.0 sec   168 MBytes   707 Mbits/sec
[  3] 10.0-12.0 sec   140 MBytes   589 Mbits/sec
[  5] 10.0-12.0 sec   281 MBytes  1.18 Gbits/sec
[  4] 10.0-12.0 sec   281 MBytes  1.18 Gbits/sec
[  6] 10.0-12.0 sec   140 MBytes   588 Mbits/sec
[  7] 10.0-12.0 sec   112 MBytes   470 Mbits/sec
[  8] 10.0-12.0 sec   280 MBytes  1.18 Gbits/sec
[  9] 10.0-12.0 sec   280 MBytes  1.18 Gbits/sec
[ 10] 10.0-12.0 sec   280 MBytes  1.18 Gbits/sec
[ 12] 10.0-12.0 sec   280 MBytes  1.18 Gbits/sec
[SUM] 10.0-12.0 sec  2.19 GBytes  9.41 Gbits/sec
[  4] 12.0-14.0 sec   281 MBytes  1.18 Gbits/sec
[  6] 12.0-14.0 sec   140 MBytes   588 Mbits/sec
[  9] 12.0-14.0 sec   280 MBytes  1.18 Gbits/sec
[ 10] 12.0-14.0 sec   281 MBytes  1.18 Gbits/sec
[ 12] 12.0-14.0 sec   280 MBytes  1.18 Gbits/sec
[ 11] 12.0-14.0 sec   168 MBytes   707 Mbits/sec
[  3] 12.0-14.0 sec   140 MBytes   588 Mbits/sec
[  5] 12.0-14.0 sec   281 MBytes  1.18 Gbits/sec
[  7] 12.0-14.0 sec   112 MBytes   471 Mbits/sec
[  8] 12.0-14.0 sec   281 MBytes  1.18 Gbits/sec
[SUM] 12.0-14.0 sec  2.19 GBytes  9.42 Gbits/sec
[ 11] 14.0-16.0 sec   164 MBytes   687 Mbits/sec
[  3] 14.0-16.0 sec   128 MBytes   539 Mbits/sec
[  5] 14.0-16.0 sec   294 MBytes  1.23 Gbits/sec
[  4] 14.0-16.0 sec   281 MBytes  1.18 Gbits/sec
[  6] 14.0-16.0 sec   150 MBytes   629 Mbits/sec
[  7] 14.0-16.0 sec   107 MBytes   450 Mbits/sec
[  8] 14.0-16.0 sec   294 MBytes  1.23 Gbits/sec
[  9] 14.0-16.0 sec   268 MBytes  1.13 Gbits/sec
[ 10] 14.0-16.0 sec   284 MBytes  1.19 Gbits/sec
[ 12] 14.0-16.0 sec   277 MBytes  1.16 Gbits/sec
[SUM] 14.0-16.0 sec  2.19 GBytes  9.43 Gbits/sec
[ 11] 16.0-18.0 sec   168 MBytes   706 Mbits/sec
[  3] 16.0-18.0 sec   108 MBytes   451 Mbits/sec
[  5] 16.0-18.0 sec   280 MBytes  1.18 Gbits/sec
[  4] 16.0-18.0 sec   281 MBytes  1.18 Gbits/sec
[  7] 16.0-18.0 sec   112 MBytes   471 Mbits/sec
[  8] 16.0-18.0 sec   280 MBytes  1.18 Gbits/sec
[  9] 16.0-18.0 sec   281 MBytes  1.18 Gbits/sec
[ 10] 16.0-18.0 sec   280 MBytes  1.18 Gbits/sec
[ 12] 16.0-18.0 sec   281 MBytes  1.18 Gbits/sec
[  6] 16.0-18.0 sec   173 MBytes   727 Mbits/sec
[SUM] 16.0-18.0 sec  2.19 GBytes  9.42 Gbits/sec
[  3]  0.0-19.9 sec  1.32 GBytes   567 Mbits/sec
[  7]  0.0-19.9 sec  1.09 GBytes   469 Mbits/sec
[ 11]  0.0-19.9 sec  1.64 GBytes   705 Mbits/sec
[  5]  0.0-19.9 sec  2.74 GBytes  1.18 Gbits/sec
[  4]  0.0-19.9 sec  2.73 GBytes  1.18 Gbits/sec
[  6]  0.0-19.9 sec  1.41 GBytes   610 Mbits/sec
[  8]  0.0-19.9 sec  2.74 GBytes  1.18 Gbits/sec
[  9]  0.0-19.9 sec  2.72 GBytes  1.17 Gbits/sec
[ 10]  0.0-19.9 sec  2.73 GBytes  1.18 Gbits/sec
[ 12]  0.0-19.9 sec  2.73 GBytes  1.18 Gbits/sec
[SUM]  0.0-19.9 sec  21.9 GBytes  9.42 Gbits/sec
