------------------------------------------------------------
Client connecting to fe80::c2a8:2ff:fef0:0%enahisic2i2, TCP port 5001
TCP window size: 85.0 KByte (default)
------------------------------------------------------------
[  7] local fe80::f886:57ff:febe:7417 port 53584 connected with fe80::c2a8:2ff:fef0:0 port 5001
[  4] local fe80::f886:57ff:febe:7417 port 53578 connected with fe80::c2a8:2ff:fef0:0 port 5001
[  3] local fe80::f886:57ff:febe:7417 port 53576 connected with fe80::c2a8:2ff:fef0:0 port 5001
[  5] local fe80::f886:57ff:febe:7417 port 53580 connected with fe80::c2a8:2ff:fef0:0 port 5001
[  6] local fe80::f886:57ff:febe:7417 port 53582 connected with fe80::c2a8:2ff:fef0:0 port 5001
[ ID] Interval       Transfer     Bandwidth
[  6]  0.0- 2.0 sec  1.84 GBytes  7.89 Gbits/sec
[  5]  0.0- 2.0 sec  4.62 MBytes  19.4 Mbits/sec
[  7]  0.0- 2.0 sec  8.25 MBytes  34.6 Mbits/sec
[  6]  2.0- 4.0 sec  1.86 GBytes  7.97 Gbits/sec
[  7]  2.0- 4.0 sec   512 KBytes  2.10 Mbits/sec
[  4]  0.0- 2.0 sec  3.88 MBytes  16.3 Mbits/sec
[  4]  2.0- 4.0 sec  0.00 Bytes  0.00 bits/sec
[  5]  2.0- 4.0 sec   768 KBytes  3.15 Mbits/sec
[  3]  0.0- 2.0 sec  1.00 MBytes  4.19 Mbits/sec
[SUM]  0.0- 2.0 sec  1.85 GBytes  7.97 Gbits/sec
[  3]  2.0- 4.0 sec  0.00 Bytes  0.00 bits/sec
[SUM]  2.0- 4.0 sec  1.86 GBytes  7.98 Gbits/sec
[  7]  4.0- 6.0 sec   236 MBytes   991 Mbits/sec
[  4]  4.0- 6.0 sec   246 MBytes  1.03 Gbits/sec
[  3]  4.0- 6.0 sec   180 MBytes   753 Mbits/sec
[  5]  4.0- 6.0 sec   184 MBytes   772 Mbits/sec
[  6]  4.0- 6.0 sec  1.20 GBytes  5.14 Gbits/sec
[SUM]  4.0- 6.0 sec  2.02 GBytes  8.69 Gbits/sec
[  7]  6.0- 8.0 sec   462 MBytes  1.94 Gbits/sec
[  5]  6.0- 8.0 sec   412 MBytes  1.73 Gbits/sec
[  4]  6.0- 8.0 sec   463 MBytes  1.94 Gbits/sec
[  3]  6.0- 8.0 sec   414 MBytes  1.74 Gbits/sec
[  6]  6.0- 8.0 sec   462 MBytes  1.94 Gbits/sec
[SUM]  6.0- 8.0 sec  2.16 GBytes  9.28 Gbits/sec
[  7]  8.0-10.0 sec   462 MBytes  1.94 Gbits/sec
[  4]  8.0-10.0 sec   460 MBytes  1.93 Gbits/sec
[  3]  8.0-10.0 sec   415 MBytes  1.74 Gbits/sec
[  5]  8.0-10.0 sec   416 MBytes  1.74 Gbits/sec
[  6]  8.0-10.0 sec   460 MBytes  1.93 Gbits/sec
[SUM]  8.0-10.0 sec  2.16 GBytes  9.28 Gbits/sec
[  7] 10.0-12.0 sec   462 MBytes  1.94 Gbits/sec
[  4] 10.0-12.0 sec   463 MBytes  1.94 Gbits/sec
[  3] 10.0-12.0 sec   416 MBytes  1.75 Gbits/sec
[  5] 10.0-12.0 sec   409 MBytes  1.72 Gbits/sec
[  6] 10.0-12.0 sec   462 MBytes  1.94 Gbits/sec
[SUM] 10.0-12.0 sec  2.16 GBytes  9.28 Gbits/sec
[  4] 12.0-14.0 sec   461 MBytes  1.93 Gbits/sec
[  3] 12.0-14.0 sec   418 MBytes  1.75 Gbits/sec
[  6] 12.0-14.0 sec   460 MBytes  1.93 Gbits/sec
[  7] 12.0-14.0 sec   462 MBytes  1.94 Gbits/sec
[  5] 12.0-14.0 sec   412 MBytes  1.73 Gbits/sec
[SUM] 12.0-14.0 sec  2.16 GBytes  9.28 Gbits/sec
[  7] 14.0-16.0 sec   462 MBytes  1.94 Gbits/sec
[  3] 14.0-16.0 sec   444 MBytes  1.86 Gbits/sec
[  5] 14.0-16.0 sec   392 MBytes  1.64 Gbits/sec
[  6] 14.0-16.0 sec   473 MBytes  1.98 Gbits/sec
[  4] 14.0-16.0 sec   442 MBytes  1.85 Gbits/sec
[SUM] 14.0-16.0 sec  2.16 GBytes  9.28 Gbits/sec
[  7] 16.0-18.0 sec   446 MBytes  1.87 Gbits/sec
[  4] 16.0-18.0 sec   445 MBytes  1.87 Gbits/sec
[  3] 16.0-18.0 sec   446 MBytes  1.87 Gbits/sec
[  5] 16.0-18.0 sec   431 MBytes  1.81 Gbits/sec
[  6] 16.0-18.0 sec   445 MBytes  1.87 Gbits/sec
[SUM] 16.0-18.0 sec  2.16 GBytes  9.28 Gbits/sec
[  4] 18.0-20.0 sec   444 MBytes  1.86 Gbits/sec
[  4]  0.0-20.0 sec  3.35 GBytes  1.44 Gbits/sec
[  3]  0.0-20.0 sec  3.10 GBytes  1.33 Gbits/sec
[  5] 18.0-20.0 sec   434 MBytes  1.82 Gbits/sec
[  5]  0.0-20.0 sec  3.02 GBytes  1.30 Gbits/sec
[  6] 18.0-20.0 sec   445 MBytes  1.87 Gbits/sec
[  6]  0.0-20.0 sec  8.02 GBytes  3.45 Gbits/sec
[  7] 18.0-20.0 sec   444 MBytes  1.86 Gbits/sec
[  7]  0.0-20.0 sec  3.37 GBytes  1.45 Gbits/sec
[SUM]  0.0-20.0 sec  20.9 GBytes  8.96 Gbits/sec
