------------------------------------------------------------
Client connecting to fe80::c2a8:2ff:fef0:0%enahisic2i2, TCP port 5001
TCP window size: 85.0 KByte (default)
------------------------------------------------------------
[  7] local fe80::f886:57ff:febe:7417 port 45782 connected with fe80::c2a8:2ff:fef0:0 port 5001
[  3] local fe80::f886:57ff:febe:7417 port 45774 connected with fe80::c2a8:2ff:fef0:0 port 5001
[  4] local fe80::f886:57ff:febe:7417 port 45776 connected with fe80::c2a8:2ff:fef0:0 port 5001
[  5] local fe80::f886:57ff:febe:7417 port 45778 connected with fe80::c2a8:2ff:fef0:0 port 5001
[  6] local fe80::f886:57ff:febe:7417 port 45780 connected with fe80::c2a8:2ff:fef0:0 port 5001
[ ID] Interval       Transfer     Bandwidth
[  7]  0.0- 1.0 sec   222 MBytes  1.87 Gbits/sec
[  3]  0.0- 1.0 sec   224 MBytes  1.88 Gbits/sec
[  4]  0.0- 1.0 sec   223 MBytes  1.87 Gbits/sec
[  5]  0.0- 1.0 sec   222 MBytes  1.87 Gbits/sec
[  6]  0.0- 1.0 sec   224 MBytes  1.87 Gbits/sec
[SUM]  0.0- 1.0 sec  1.09 GBytes  9.35 Gbits/sec
[  7]  1.0- 2.0 sec   221 MBytes  1.86 Gbits/sec
[  3]  1.0- 2.0 sec   221 MBytes  1.85 Gbits/sec
[  4]  1.0- 2.0 sec   221 MBytes  1.86 Gbits/sec
[  5]  1.0- 2.0 sec   221 MBytes  1.86 Gbits/sec
[  6]  1.0- 2.0 sec   221 MBytes  1.85 Gbits/sec
[SUM]  1.0- 2.0 sec  1.08 GBytes  9.28 Gbits/sec
[  7]  2.0- 3.0 sec   221 MBytes  1.86 Gbits/sec
[  3]  2.0- 3.0 sec   222 MBytes  1.86 Gbits/sec
[  4]  2.0- 3.0 sec   222 MBytes  1.86 Gbits/sec
[  5]  2.0- 3.0 sec   222 MBytes  1.86 Gbits/sec
[  6]  2.0- 3.0 sec   222 MBytes  1.86 Gbits/sec
[SUM]  2.0- 3.0 sec  1.08 GBytes  9.29 Gbits/sec
[  7]  3.0- 4.0 sec   221 MBytes  1.86 Gbits/sec
[  3]  3.0- 4.0 sec   221 MBytes  1.85 Gbits/sec
[  4]  3.0- 4.0 sec   221 MBytes  1.85 Gbits/sec
[  5]  3.0- 4.0 sec   222 MBytes  1.86 Gbits/sec
[  6]  3.0- 4.0 sec   221 MBytes  1.85 Gbits/sec
[SUM]  3.0- 4.0 sec  1.08 GBytes  9.28 Gbits/sec
[  7]  4.0- 5.0 sec   221 MBytes  1.86 Gbits/sec
[  5]  4.0- 5.0 sec   221 MBytes  1.85 Gbits/sec
[  6]  4.0- 5.0 sec   222 MBytes  1.86 Gbits/sec
[  3]  4.0- 5.0 sec   222 MBytes  1.86 Gbits/sec
[  4]  4.0- 5.0 sec   222 MBytes  1.86 Gbits/sec
[SUM]  4.0- 5.0 sec  1.08 GBytes  9.29 Gbits/sec
[  7]  5.0- 6.0 sec   221 MBytes  1.86 Gbits/sec
[  3]  5.0- 6.0 sec   222 MBytes  1.86 Gbits/sec
[  4]  5.0- 6.0 sec   221 MBytes  1.85 Gbits/sec
[  5]  5.0- 6.0 sec   222 MBytes  1.86 Gbits/sec
[  6]  5.0- 6.0 sec   221 MBytes  1.86 Gbits/sec
[SUM]  5.0- 6.0 sec  1.08 GBytes  9.29 Gbits/sec
[  7]  6.0- 7.0 sec   222 MBytes  1.86 Gbits/sec
[  3]  6.0- 7.0 sec   221 MBytes  1.85 Gbits/sec
[  4]  6.0- 7.0 sec   222 MBytes  1.86 Gbits/sec
[  5]  6.0- 7.0 sec   222 MBytes  1.86 Gbits/sec
[  6]  6.0- 7.0 sec   222 MBytes  1.86 Gbits/sec
[SUM]  6.0- 7.0 sec  1.08 GBytes  9.29 Gbits/sec
[  7]  7.0- 8.0 sec   221 MBytes  1.86 Gbits/sec
[  3]  7.0- 8.0 sec   221 MBytes  1.86 Gbits/sec
[  4]  7.0- 8.0 sec   221 MBytes  1.85 Gbits/sec
[  5]  7.0- 8.0 sec   222 MBytes  1.86 Gbits/sec
[  6]  7.0- 8.0 sec   221 MBytes  1.86 Gbits/sec
[SUM]  7.0- 8.0 sec  1.08 GBytes  9.28 Gbits/sec
[  7]  8.0- 9.0 sec   221 MBytes  1.86 Gbits/sec
[  3]  8.0- 9.0 sec   222 MBytes  1.86 Gbits/sec
[  4]  8.0- 9.0 sec   221 MBytes  1.86 Gbits/sec
[  5]  8.0- 9.0 sec   221 MBytes  1.86 Gbits/sec
[  6]  8.0- 9.0 sec   221 MBytes  1.86 Gbits/sec
[SUM]  8.0- 9.0 sec  1.08 GBytes  9.29 Gbits/sec
[  7]  9.0-10.0 sec   221 MBytes  1.86 Gbits/sec
[  4]  9.0-10.0 sec   221 MBytes  1.85 Gbits/sec
[  5]  9.0-10.0 sec   221 MBytes  1.85 Gbits/sec
[  3]  9.0-10.0 sec   222 MBytes  1.86 Gbits/sec
[  6]  9.0-10.0 sec   223 MBytes  1.87 Gbits/sec
[SUM]  9.0-10.0 sec  1.08 GBytes  9.29 Gbits/sec
[  7] 10.0-11.0 sec   221 MBytes  1.86 Gbits/sec
[  3] 10.0-11.0 sec   221 MBytes  1.85 Gbits/sec
[  4] 10.0-11.0 sec   222 MBytes  1.86 Gbits/sec
[  5] 10.0-11.0 sec   221 MBytes  1.86 Gbits/sec
[  6] 10.0-11.0 sec   220 MBytes  1.85 Gbits/sec
[SUM] 10.0-11.0 sec  1.08 GBytes  9.28 Gbits/sec
[  7] 11.0-12.0 sec   221 MBytes  1.86 Gbits/sec
[  3] 11.0-12.0 sec   222 MBytes  1.86 Gbits/sec
[  4] 11.0-12.0 sec   221 MBytes  1.86 Gbits/sec
[  5] 11.0-12.0 sec   222 MBytes  1.86 Gbits/sec
[  6] 11.0-12.0 sec   221 MBytes  1.86 Gbits/sec
[SUM] 11.0-12.0 sec  1.08 GBytes  9.29 Gbits/sec
[  3] 12.0-13.0 sec   221 MBytes  1.86 Gbits/sec
[  7] 12.0-13.0 sec   223 MBytes  1.87 Gbits/sec
[  4] 12.0-13.0 sec   222 MBytes  1.86 Gbits/sec
[  5] 12.0-13.0 sec   222 MBytes  1.86 Gbits/sec
[  6] 12.0-13.0 sec   222 MBytes  1.86 Gbits/sec
[SUM] 12.0-13.0 sec  1.08 GBytes  9.31 Gbits/sec
[  7] 13.0-14.0 sec   221 MBytes  1.85 Gbits/sec
[  3] 13.0-14.0 sec   222 MBytes  1.86 Gbits/sec
[  4] 13.0-14.0 sec   221 MBytes  1.86 Gbits/sec
[  5] 13.0-14.0 sec   221 MBytes  1.85 Gbits/sec
[  6] 13.0-14.0 sec   222 MBytes  1.86 Gbits/sec
[SUM] 13.0-14.0 sec  1.08 GBytes  9.28 Gbits/sec
[  7]  0.0-14.9 sec  3.21 GBytes  1.86 Gbits/sec
[  3]  0.0-14.9 sec  3.21 GBytes  1.86 Gbits/sec
[  4]  0.0-14.9 sec  3.21 GBytes  1.86 Gbits/sec
[  5]  0.0-14.9 sec  3.21 GBytes  1.86 Gbits/sec
[  6]  0.0-14.9 sec  3.21 GBytes  1.86 Gbits/sec
[SUM]  0.0-14.9 sec  16.1 GBytes  9.29 Gbits/sec
