------------------------------------------------------------
Client connecting to fe80::c2a8:2ff:fef0:5%enahisic2i1, TCP port 5001
TCP window size: 85.0 KByte (default)
------------------------------------------------------------
[ 12] local fe80::5ca7:b9ff:fe2e:61b9 port 41998 connected with fe80::c2a8:2ff:fef0:5 port 5001
[  3] local fe80::5ca7:b9ff:fe2e:61b9 port 41980 connected with fe80::c2a8:2ff:fef0:5 port 5001
[  4] local fe80::5ca7:b9ff:fe2e:61b9 port 41982 connected with fe80::c2a8:2ff:fef0:5 port 5001
[  6] local fe80::5ca7:b9ff:fe2e:61b9 port 41984 connected with fe80::c2a8:2ff:fef0:5 port 5001
[  5] local fe80::5ca7:b9ff:fe2e:61b9 port 41986 connected with fe80::c2a8:2ff:fef0:5 port 5001
[  7] local fe80::5ca7:b9ff:fe2e:61b9 port 41988 connected with fe80::c2a8:2ff:fef0:5 port 5001
[  8] local fe80::5ca7:b9ff:fe2e:61b9 port 41990 connected with fe80::c2a8:2ff:fef0:5 port 5001
[  9] local fe80::5ca7:b9ff:fe2e:61b9 port 41992 connected with fe80::c2a8:2ff:fef0:5 port 5001
[ 11] local fe80::5ca7:b9ff:fe2e:61b9 port 41994 connected with fe80::c2a8:2ff:fef0:5 port 5001
[ 10] local fe80::5ca7:b9ff:fe2e:61b9 port 41996 connected with fe80::c2a8:2ff:fef0:5 port 5001
[ ID] Interval       Transfer     Bandwidth
[ 11]  0.0- 2.0 sec  24.0 MBytes   101 Mbits/sec
[ 12]  0.0- 2.0 sec  23.8 MBytes  99.6 Mbits/sec
[  3]  0.0- 2.0 sec  15.6 MBytes  65.5 Mbits/sec
[  6]  0.0- 2.0 sec  24.1 MBytes   101 Mbits/sec
[  8]  0.0- 2.0 sec  24.1 MBytes   101 Mbits/sec
[  9]  0.0- 2.0 sec  24.2 MBytes   102 Mbits/sec
[ 10]  0.0- 2.0 sec  24.1 MBytes   101 Mbits/sec
[  4]  0.0- 2.0 sec  30.9 MBytes   129 Mbits/sec
[  5]  0.0- 2.0 sec  24.2 MBytes   102 Mbits/sec
[  7]  0.0- 2.0 sec  9.75 MBytes  40.9 Mbits/sec
[SUM]  0.0- 2.0 sec   225 MBytes   943 Mbits/sec
[  9]  2.0- 4.0 sec  24.6 MBytes   103 Mbits/sec
[ 10]  2.0- 4.0 sec  24.6 MBytes   103 Mbits/sec
[ 12]  2.0- 4.0 sec  24.8 MBytes   104 Mbits/sec
[  5]  2.0- 4.0 sec  24.8 MBytes   104 Mbits/sec
[ 11]  2.0- 4.0 sec  24.9 MBytes   104 Mbits/sec
[  3]  2.0- 4.0 sec  13.4 MBytes  56.1 Mbits/sec
[  8]  2.0- 4.0 sec  24.9 MBytes   104 Mbits/sec
[  4]  2.0- 4.0 sec  24.9 MBytes   104 Mbits/sec
[  6]  2.0- 4.0 sec  24.9 MBytes   104 Mbits/sec
[  7]  2.0- 4.0 sec  10.2 MBytes  43.0 Mbits/sec
[SUM]  2.0- 4.0 sec   222 MBytes   931 Mbits/sec
[  3]  4.0- 6.0 sec  13.2 MBytes  55.6 Mbits/sec
[  5]  4.0- 6.0 sec  24.6 MBytes   103 Mbits/sec
[  8]  4.0- 6.0 sec  24.6 MBytes   103 Mbits/sec
[ 10]  4.0- 6.0 sec  24.9 MBytes   104 Mbits/sec
[ 12]  4.0- 6.0 sec  24.8 MBytes   104 Mbits/sec
[ 11]  4.0- 6.0 sec  24.8 MBytes   104 Mbits/sec
[  6]  4.0- 6.0 sec  24.6 MBytes   103 Mbits/sec
[  9]  4.0- 6.0 sec  24.9 MBytes   104 Mbits/sec
[  4]  4.0- 6.0 sec  24.8 MBytes   104 Mbits/sec
[  7]  4.0- 6.0 sec  10.2 MBytes  43.0 Mbits/sec
[SUM]  4.0- 6.0 sec   221 MBytes   929 Mbits/sec
[  3]  6.0- 8.0 sec  13.0 MBytes  54.5 Mbits/sec
[  6]  6.0- 8.0 sec  24.8 MBytes   104 Mbits/sec
[  5]  6.0- 8.0 sec  24.9 MBytes   104 Mbits/sec
[  8]  6.0- 8.0 sec  24.9 MBytes   104 Mbits/sec
[  9]  6.0- 8.0 sec  24.8 MBytes   104 Mbits/sec
[ 11]  6.0- 8.0 sec  24.8 MBytes   104 Mbits/sec
[ 12]  6.0- 8.0 sec  24.9 MBytes   104 Mbits/sec
[  7]  6.0- 8.0 sec  10.1 MBytes  42.5 Mbits/sec
[ 10]  6.0- 8.0 sec  24.9 MBytes   104 Mbits/sec
[  4]  6.0- 8.0 sec  24.9 MBytes   104 Mbits/sec
[SUM]  6.0- 8.0 sec   222 MBytes   930 Mbits/sec
[ 10]  8.0-10.0 sec  24.6 MBytes   103 Mbits/sec
[  4]  8.0-10.0 sec  24.4 MBytes   102 Mbits/sec
[  5]  8.0-10.0 sec  24.9 MBytes   104 Mbits/sec
[  7]  8.0-10.0 sec  10.2 MBytes  43.0 Mbits/sec
[ 11]  8.0-10.0 sec  24.8 MBytes   104 Mbits/sec
[ 12]  8.0-10.0 sec  24.6 MBytes   103 Mbits/sec
[  6]  8.0-10.0 sec  24.9 MBytes   104 Mbits/sec
[  9]  8.0-10.0 sec  24.8 MBytes   104 Mbits/sec
[  3]  8.0-10.0 sec  13.1 MBytes  55.1 Mbits/sec
[  8]  8.0-10.0 sec  24.9 MBytes   104 Mbits/sec
[SUM]  8.0-10.0 sec   221 MBytes   927 Mbits/sec
[  6] 10.0-12.0 sec  24.6 MBytes   103 Mbits/sec
[  5] 10.0-12.0 sec  24.6 MBytes   103 Mbits/sec
[  4] 10.0-12.0 sec  24.8 MBytes   104 Mbits/sec
[  9] 10.0-12.0 sec  24.8 MBytes   104 Mbits/sec
[ 12] 10.0-12.0 sec  24.9 MBytes   104 Mbits/sec
[  3] 10.0-12.0 sec  13.0 MBytes  54.5 Mbits/sec
[  8] 10.0-12.0 sec  24.6 MBytes   103 Mbits/sec
[ 11] 10.0-12.0 sec  24.8 MBytes   104 Mbits/sec
[ 10] 10.0-12.0 sec  24.9 MBytes   104 Mbits/sec
[  7] 10.0-12.0 sec  10.6 MBytes  44.6 Mbits/sec
[SUM] 10.0-12.0 sec   222 MBytes   929 Mbits/sec
[  9] 12.0-14.0 sec  24.6 MBytes   103 Mbits/sec
[ 11] 12.0-14.0 sec  24.8 MBytes   104 Mbits/sec
[ 12] 12.0-14.0 sec  24.6 MBytes   103 Mbits/sec
[  3] 12.0-14.0 sec  12.6 MBytes  53.0 Mbits/sec
[  6] 12.0-14.0 sec  24.9 MBytes   104 Mbits/sec
[ 10] 12.0-14.0 sec  24.6 MBytes   103 Mbits/sec
[  4] 12.0-14.0 sec  24.9 MBytes   104 Mbits/sec
[  5] 12.0-14.0 sec  24.9 MBytes   104 Mbits/sec
[  8] 12.0-14.0 sec  24.9 MBytes   104 Mbits/sec
[  7] 12.0-14.0 sec  11.0 MBytes  46.1 Mbits/sec
[SUM] 12.0-14.0 sec   222 MBytes   930 Mbits/sec
[ 12] 14.0-16.0 sec  24.8 MBytes   104 Mbits/sec
[  3] 14.0-16.0 sec  13.0 MBytes  54.5 Mbits/sec
[  6] 14.0-16.0 sec  24.6 MBytes   103 Mbits/sec
[  7] 14.0-16.0 sec  10.4 MBytes  43.5 Mbits/sec
[  9] 14.0-16.0 sec  24.9 MBytes   104 Mbits/sec
[ 10] 14.0-16.0 sec  24.8 MBytes   104 Mbits/sec
[  5] 14.0-16.0 sec  24.8 MBytes   104 Mbits/sec
[  8] 14.0-16.0 sec  24.6 MBytes   103 Mbits/sec
[ 11] 14.0-16.0 sec  24.9 MBytes   104 Mbits/sec
[  4] 14.0-16.0 sec  24.9 MBytes   104 Mbits/sec
[SUM] 14.0-16.0 sec   222 MBytes   929 Mbits/sec
[  3] 16.0-18.0 sec  13.4 MBytes  56.1 Mbits/sec
[  4] 16.0-18.0 sec  24.9 MBytes   104 Mbits/sec
[  5] 16.0-18.0 sec  25.6 MBytes   107 Mbits/sec
[  8] 16.0-18.0 sec  25.4 MBytes   106 Mbits/sec
[  6] 16.0-18.0 sec  25.4 MBytes   106 Mbits/sec
[ 11] 16.0-18.0 sec  25.6 MBytes   107 Mbits/sec
[  9] 16.0-18.0 sec  24.6 MBytes   103 Mbits/sec
[ 10] 16.0-18.0 sec  25.9 MBytes   109 Mbits/sec
[ 12] 16.0-18.0 sec  26.4 MBytes   111 Mbits/sec
[  7] 16.0-18.0 sec  10.6 MBytes  44.6 Mbits/sec
[SUM] 16.0-18.0 sec   228 MBytes   955 Mbits/sec
[  3] 18.0-20.0 sec  12.8 MBytes  53.5 Mbits/sec
[  3]  0.0-20.0 sec   133 MBytes  55.9 Mbits/sec
[  4] 18.0-20.0 sec  24.8 MBytes   104 Mbits/sec
[  4]  0.0-20.0 sec   254 MBytes   106 Mbits/sec
[  8] 18.0-20.0 sec  24.8 MBytes   104 Mbits/sec
[  8]  0.0-20.0 sec   248 MBytes   104 Mbits/sec
[  6] 18.0-20.0 sec  24.8 MBytes   104 Mbits/sec
[  6]  0.0-20.0 sec   248 MBytes   104 Mbits/sec
[  5] 18.0-20.0 sec  24.9 MBytes   104 Mbits/sec
[  5]  0.0-20.0 sec   248 MBytes   104 Mbits/sec
[  9] 18.0-20.0 sec  24.6 MBytes   103 Mbits/sec
[  9]  0.0-20.0 sec   247 MBytes   103 Mbits/sec
[ 10] 18.0-20.0 sec  24.5 MBytes   103 Mbits/sec
[ 10]  0.0-20.0 sec   248 MBytes   104 Mbits/sec
[ 12] 18.0-20.0 sec  24.6 MBytes   103 Mbits/sec
[ 12]  0.0-20.0 sec   248 MBytes   104 Mbits/sec
[  7] 18.0-20.0 sec  10.9 MBytes  45.6 Mbits/sec
[  7]  0.0-20.0 sec   104 MBytes  43.6 Mbits/sec
[ 11] 18.0-20.0 sec  25.0 MBytes   105 Mbits/sec
[SUM] 18.0-20.0 sec   222 MBytes   929 Mbits/sec
[ 11]  0.0-20.0 sec   248 MBytes   104 Mbits/sec
[SUM]  0.0-20.0 sec  2.17 GBytes   932 Mbits/sec
