------------------------------------------------------------
Client connecting to fe80::c2a8:2ff:fef0:0%enahisic2i2, TCP port 5001
TCP window size: 85.0 KByte (default)
------------------------------------------------------------
[  3] local fe80::f886:57ff:febe:7417 port 45772 connected with fe80::c2a8:2ff:fef0:0 port 5001
[ ID] Interval       Transfer     Bandwidth
[  3]  0.0- 1.0 sec   988 MBytes  8.29 Gbits/sec
[  3]  1.0- 2.0 sec  1.08 GBytes  9.28 Gbits/sec
[  3]  2.0- 3.0 sec  1.08 GBytes  9.29 Gbits/sec
[  3]  3.0- 4.0 sec  1.08 GBytes  9.28 Gbits/sec
[  3]  4.0- 5.0 sec  1.08 GBytes  9.29 Gbits/sec
[  3]  5.0- 6.0 sec  1.08 GBytes  9.29 Gbits/sec
[  3]  6.0- 7.0 sec  1.08 GBytes  9.28 Gbits/sec
[  3]  7.0- 8.0 sec  1.08 GBytes  9.29 Gbits/sec
[  3]  8.0- 9.0 sec  1.08 GBytes  9.29 Gbits/sec
[  3]  9.0-10.0 sec  1.08 GBytes  9.28 Gbits/sec
[  3] 10.0-11.0 sec  1.08 GBytes  9.29 Gbits/sec
[  3] 11.0-12.0 sec  1.08 GBytes  9.29 Gbits/sec
[  3] 12.0-13.0 sec  1.08 GBytes  9.28 Gbits/sec
[  3] 13.0-14.0 sec  1.08 GBytes  9.28 Gbits/sec
[  3] 14.0-15.0 sec  1.08 GBytes  9.29 Gbits/sec
[  3] 15.0-16.0 sec  1.08 GBytes  9.29 Gbits/sec
[  3] 16.0-17.0 sec  1.08 GBytes  9.28 Gbits/sec
[  3] 17.0-18.0 sec  1.08 GBytes  9.29 Gbits/sec
[  3] 18.0-19.0 sec  1.08 GBytes  9.29 Gbits/sec
[  3] 19.0-20.0 sec  1.08 GBytes  9.28 Gbits/sec
[  3]  0.0-20.0 sec  21.5 GBytes  9.23 Gbits/sec
