------------------------------------------------------------
Client connecting to fe80::c2a8:2ff:fef0:5%enahisic2i1, TCP port 5001
TCP window size: 85.0 KByte (default)
------------------------------------------------------------
[ 12] local fe80::5ca7:b9ff:fe2e:61b9 port 35044 connected with fe80::c2a8:2ff:fef0:5 port 5001
[  3] local fe80::5ca7:b9ff:fe2e:61b9 port 35026 connected with fe80::c2a8:2ff:fef0:5 port 5001
[  4] local fe80::5ca7:b9ff:fe2e:61b9 port 35028 connected with fe80::c2a8:2ff:fef0:5 port 5001
[  5] local fe80::5ca7:b9ff:fe2e:61b9 port 35030 connected with fe80::c2a8:2ff:fef0:5 port 5001
[  6] local fe80::5ca7:b9ff:fe2e:61b9 port 35032 connected with fe80::c2a8:2ff:fef0:5 port 5001
[  9] local fe80::5ca7:b9ff:fe2e:61b9 port 35038 connected with fe80::c2a8:2ff:fef0:5 port 5001
[  7] local fe80::5ca7:b9ff:fe2e:61b9 port 35034 connected with fe80::c2a8:2ff:fef0:5 port 5001
[  8] local fe80::5ca7:b9ff:fe2e:61b9 port 35036 connected with fe80::c2a8:2ff:fef0:5 port 5001
[ 10] local fe80::5ca7:b9ff:fe2e:61b9 port 35040 connected with fe80::c2a8:2ff:fef0:5 port 5001
[ 11] local fe80::5ca7:b9ff:fe2e:61b9 port 35042 connected with fe80::c2a8:2ff:fef0:5 port 5001
[ ID] Interval       Transfer     Bandwidth
[  3]  0.0- 2.0 sec  23.1 MBytes  97.0 Mbits/sec
[  4]  0.0- 2.0 sec  23.5 MBytes  98.6 Mbits/sec
[  5]  0.0- 2.0 sec  23.9 MBytes   100 Mbits/sec
[  7]  0.0- 2.0 sec  23.9 MBytes   100 Mbits/sec
[  8]  0.0- 2.0 sec  21.8 MBytes  91.2 Mbits/sec
[ 11]  0.0- 2.0 sec  21.8 MBytes  91.2 Mbits/sec
[  6]  0.0- 2.0 sec  23.0 MBytes  96.5 Mbits/sec
[ 10]  0.0- 2.0 sec  22.0 MBytes  92.3 Mbits/sec
[ 12]  0.0- 2.0 sec  21.9 MBytes  91.8 Mbits/sec
[  9]  0.0- 2.0 sec  22.1 MBytes  92.8 Mbits/sec
[SUM]  0.0- 2.0 sec   227 MBytes   952 Mbits/sec
[  4]  2.0- 4.0 sec  22.1 MBytes  92.8 Mbits/sec
[  9]  2.0- 4.0 sec  22.1 MBytes  92.8 Mbits/sec
[  7]  2.0- 4.0 sec  22.1 MBytes  92.8 Mbits/sec
[ 10]  2.0- 4.0 sec  22.1 MBytes  92.8 Mbits/sec
[  3]  2.0- 4.0 sec  22.4 MBytes  93.8 Mbits/sec
[  5]  2.0- 4.0 sec  22.2 MBytes  93.3 Mbits/sec
[  6]  2.0- 4.0 sec  21.5 MBytes  90.2 Mbits/sec
[  8]  2.0- 4.0 sec  22.4 MBytes  93.8 Mbits/sec
[ 11]  2.0- 4.0 sec  22.4 MBytes  93.8 Mbits/sec
[ 12]  2.0- 4.0 sec  22.1 MBytes  92.8 Mbits/sec
[SUM]  2.0- 4.0 sec   222 MBytes   929 Mbits/sec
[  4]  4.0- 6.0 sec  22.1 MBytes  92.8 Mbits/sec
[  9]  4.0- 6.0 sec  22.1 MBytes  92.8 Mbits/sec
[ 12]  4.0- 6.0 sec  21.9 MBytes  91.8 Mbits/sec
[  8]  4.0- 6.0 sec  22.1 MBytes  92.8 Mbits/sec
[  3]  4.0- 6.0 sec  22.0 MBytes  92.3 Mbits/sec
[  5]  4.0- 6.0 sec  22.2 MBytes  93.3 Mbits/sec
[  6]  4.0- 6.0 sec  21.8 MBytes  91.2 Mbits/sec
[  7]  4.0- 6.0 sec  22.2 MBytes  93.3 Mbits/sec
[ 10]  4.0- 6.0 sec  22.4 MBytes  93.8 Mbits/sec
[ 11]  4.0- 6.0 sec  22.5 MBytes  94.4 Mbits/sec
[SUM]  4.0- 6.0 sec   221 MBytes   929 Mbits/sec
[  3]  6.0- 8.0 sec  22.1 MBytes  92.8 Mbits/sec
[  8]  6.0- 8.0 sec  22.1 MBytes  92.8 Mbits/sec
[  4]  6.0- 8.0 sec  22.4 MBytes  93.8 Mbits/sec
[  9]  6.0- 8.0 sec  22.4 MBytes  93.8 Mbits/sec
[  7]  6.0- 8.0 sec  22.2 MBytes  93.3 Mbits/sec
[ 12]  6.0- 8.0 sec  22.1 MBytes  92.8 Mbits/sec
[  5]  6.0- 8.0 sec  22.2 MBytes  93.3 Mbits/sec
[ 10]  6.0- 8.0 sec  22.1 MBytes  92.8 Mbits/sec
[  6]  6.0- 8.0 sec  21.8 MBytes  91.2 Mbits/sec
[ 11]  6.0- 8.0 sec  22.1 MBytes  92.8 Mbits/sec
[SUM]  6.0- 8.0 sec   222 MBytes   930 Mbits/sec
[ 12]  8.0-10.0 sec  22.0 MBytes  92.3 Mbits/sec
[  3]  8.0-10.0 sec  22.1 MBytes  92.8 Mbits/sec
[  4]  8.0-10.0 sec  22.1 MBytes  92.8 Mbits/sec
[  6]  8.0-10.0 sec  21.6 MBytes  90.7 Mbits/sec
[  9]  8.0-10.0 sec  22.1 MBytes  92.8 Mbits/sec
[ 11]  8.0-10.0 sec  22.1 MBytes  92.8 Mbits/sec
[  8]  8.0-10.0 sec  22.4 MBytes  93.8 Mbits/sec
[  5]  8.0-10.0 sec  22.2 MBytes  93.3 Mbits/sec
[  7]  8.0-10.0 sec  22.2 MBytes  93.3 Mbits/sec
[ 10]  8.0-10.0 sec  22.4 MBytes  93.8 Mbits/sec
[SUM]  8.0-10.0 sec   221 MBytes   929 Mbits/sec
[  5] 10.0-12.0 sec  22.1 MBytes  92.8 Mbits/sec
[ 12] 10.0-12.0 sec  22.1 MBytes  92.8 Mbits/sec
[  3] 10.0-12.0 sec  22.1 MBytes  92.8 Mbits/sec
[  4] 10.0-12.0 sec  22.4 MBytes  93.8 Mbits/sec
[  6] 10.0-12.0 sec  22.0 MBytes  92.3 Mbits/sec
[  9] 10.0-12.0 sec  22.4 MBytes  93.8 Mbits/sec
[  7] 10.0-12.0 sec  22.2 MBytes  93.3 Mbits/sec
[  8] 10.0-12.0 sec  22.1 MBytes  92.8 Mbits/sec
[ 10] 10.0-12.0 sec  22.1 MBytes  92.8 Mbits/sec
[ 11] 10.0-12.0 sec  22.4 MBytes  93.8 Mbits/sec
[SUM] 10.0-12.0 sec   222 MBytes   931 Mbits/sec
[ 10] 12.0-14.0 sec  22.1 MBytes  92.8 Mbits/sec
[  4] 12.0-14.0 sec  22.1 MBytes  92.8 Mbits/sec
[  9] 12.0-14.0 sec  22.1 MBytes  92.8 Mbits/sec
[  8] 12.0-14.0 sec  22.1 MBytes  92.8 Mbits/sec
[ 11] 12.0-14.0 sec  22.1 MBytes  92.8 Mbits/sec
[ 12] 12.0-14.0 sec  22.0 MBytes  92.3 Mbits/sec
[  6] 12.0-14.0 sec  21.8 MBytes  91.2 Mbits/sec
[  7] 12.0-14.0 sec  22.2 MBytes  93.3 Mbits/sec
[  3] 12.0-14.0 sec  22.2 MBytes  93.3 Mbits/sec
[  5] 12.0-14.0 sec  22.4 MBytes  93.8 Mbits/sec
[SUM] 12.0-14.0 sec   221 MBytes   928 Mbits/sec
[ 12] 14.0-16.0 sec  21.9 MBytes  91.8 Mbits/sec
[  3] 14.0-16.0 sec  21.9 MBytes  91.8 Mbits/sec
[  9] 14.0-16.0 sec  22.1 MBytes  92.8 Mbits/sec
[ 11] 14.0-16.0 sec  22.1 MBytes  92.8 Mbits/sec
[  5] 14.0-16.0 sec  22.1 MBytes  92.8 Mbits/sec
[  6] 14.0-16.0 sec  21.9 MBytes  91.8 Mbits/sec
[  7] 14.0-16.0 sec  22.1 MBytes  92.8 Mbits/sec
[  8] 14.0-16.0 sec  22.1 MBytes  92.8 Mbits/sec
[  4] 14.0-16.0 sec  22.2 MBytes  93.3 Mbits/sec
[ 10] 14.0-16.0 sec  22.4 MBytes  93.8 Mbits/sec
[SUM] 14.0-16.0 sec   221 MBytes   926 Mbits/sec
[  3] 16.0-18.0 sec  22.1 MBytes  92.8 Mbits/sec
[  5] 16.0-18.0 sec  22.1 MBytes  92.8 Mbits/sec
[ 12] 16.0-18.0 sec  22.1 MBytes  92.8 Mbits/sec
[  6] 16.0-18.0 sec  22.0 MBytes  92.3 Mbits/sec
[ 10] 16.0-18.0 sec  22.1 MBytes  92.8 Mbits/sec
[  4] 16.0-18.0 sec  22.2 MBytes  93.3 Mbits/sec
[  9] 16.0-18.0 sec  22.4 MBytes  93.8 Mbits/sec
[  7] 16.0-18.0 sec  22.2 MBytes  93.3 Mbits/sec
[  8] 16.0-18.0 sec  22.2 MBytes  93.3 Mbits/sec
[ 11] 16.0-18.0 sec  22.4 MBytes  93.8 Mbits/sec
[SUM] 16.0-18.0 sec   222 MBytes   931 Mbits/sec
[  5]  0.0-20.0 sec   224 MBytes  93.9 Mbits/sec
[ 10] 18.0-20.0 sec  22.1 MBytes  92.8 Mbits/sec
[ 10]  0.0-20.0 sec   222 MBytes  93.1 Mbits/sec
[  3] 18.0-20.0 sec  22.1 MBytes  92.8 Mbits/sec
[  3]  0.0-20.0 sec   222 MBytes  93.2 Mbits/sec
[  6] 18.0-20.0 sec  22.1 MBytes  92.8 Mbits/sec
[  6]  0.0-20.0 sec   220 MBytes  92.0 Mbits/sec
[  9] 18.0-20.0 sec  22.1 MBytes  92.8 Mbits/sec
[  9]  0.0-20.0 sec   222 MBytes  93.1 Mbits/sec
[  7] 18.0-20.0 sec  22.2 MBytes  93.3 Mbits/sec
[  7]  0.0-20.0 sec   224 MBytes  93.9 Mbits/sec
[  8] 18.0-20.0 sec  22.1 MBytes  92.8 Mbits/sec
[  8]  0.0-20.0 sec   222 MBytes  92.9 Mbits/sec
[ 11] 18.0-20.0 sec  22.1 MBytes  92.8 Mbits/sec
[ 11]  0.0-20.0 sec   222 MBytes  93.1 Mbits/sec
[ 12] 18.0-20.0 sec  22.2 MBytes  93.3 Mbits/sec
[ 12]  0.0-20.0 sec   220 MBytes  92.3 Mbits/sec
[  4] 18.0-20.0 sec  22.2 MBytes  93.3 Mbits/sec
[  4]  0.0-20.0 sec   224 MBytes  93.7 Mbits/sec
[SUM]  0.0-20.0 sec  2.17 GBytes   930 Mbits/sec
