------------------------------------------------------------
Client connecting to fe80::c2a8:2ff:fef0:5%enahisic2i1, TCP port 5001
TCP window size: 85.0 KByte (default)
------------------------------------------------------------
[  7] local fe80::5ca7:b9ff:fe2e:61b9 port 41970 connected with fe80::c2a8:2ff:fef0:5 port 5001
[  3] local fe80::5ca7:b9ff:fe2e:61b9 port 41962 connected with fe80::c2a8:2ff:fef0:5 port 5001
[  4] local fe80::5ca7:b9ff:fe2e:61b9 port 41964 connected with fe80::c2a8:2ff:fef0:5 port 5001
[  5] local fe80::5ca7:b9ff:fe2e:61b9 port 41966 connected with fe80::c2a8:2ff:fef0:5 port 5001
[  6] local fe80::5ca7:b9ff:fe2e:61b9 port 41968 connected with fe80::c2a8:2ff:fef0:5 port 5001
[ ID] Interval       Transfer     Bandwidth
[  7]  0.0- 2.0 sec  44.8 MBytes   188 Mbits/sec
[  3]  0.0- 2.0 sec  44.9 MBytes   188 Mbits/sec
[  4]  0.0- 2.0 sec  44.8 MBytes   188 Mbits/sec
[  5]  0.0- 2.0 sec  44.9 MBytes   188 Mbits/sec
[  6]  0.0- 2.0 sec  44.8 MBytes   188 Mbits/sec
[SUM]  0.0- 2.0 sec   224 MBytes   940 Mbits/sec
[  6]  2.0- 4.0 sec  44.2 MBytes   186 Mbits/sec
[  7]  2.0- 4.0 sec  44.4 MBytes   186 Mbits/sec
[  3]  2.0- 4.0 sec  44.2 MBytes   186 Mbits/sec
[  4]  2.0- 4.0 sec  44.2 MBytes   186 Mbits/sec
[  5]  2.0- 4.0 sec  44.4 MBytes   186 Mbits/sec
[SUM]  2.0- 4.0 sec   222 MBytes   929 Mbits/sec
[  7]  4.0- 6.0 sec  44.2 MBytes   186 Mbits/sec
[  5]  4.0- 6.0 sec  44.2 MBytes   186 Mbits/sec
[  6]  4.0- 6.0 sec  44.4 MBytes   186 Mbits/sec
[  4]  4.0- 6.0 sec  44.4 MBytes   186 Mbits/sec
[  3]  4.0- 6.0 sec  44.4 MBytes   186 Mbits/sec
[SUM]  4.0- 6.0 sec   222 MBytes   930 Mbits/sec
[  7]  6.0- 8.0 sec  44.2 MBytes   186 Mbits/sec
[  3]  6.0- 8.0 sec  44.2 MBytes   186 Mbits/sec
[  4]  6.0- 8.0 sec  44.2 MBytes   186 Mbits/sec
[  6]  6.0- 8.0 sec  44.2 MBytes   186 Mbits/sec
[  5]  6.0- 8.0 sec  44.4 MBytes   186 Mbits/sec
[SUM]  6.0- 8.0 sec   221 MBytes   929 Mbits/sec
[  7]  8.0-10.0 sec  44.4 MBytes   186 Mbits/sec
[  3]  8.0-10.0 sec  44.2 MBytes   186 Mbits/sec
[  5]  8.0-10.0 sec  44.2 MBytes   186 Mbits/sec
[  6]  8.0-10.0 sec  44.4 MBytes   186 Mbits/sec
[  4]  8.0-10.0 sec  44.9 MBytes   188 Mbits/sec
[SUM]  8.0-10.0 sec   222 MBytes   932 Mbits/sec
[  3] 10.0-12.0 sec  44.4 MBytes   186 Mbits/sec
[  4] 10.0-12.0 sec  44.0 MBytes   185 Mbits/sec
[  5] 10.0-12.0 sec  44.2 MBytes   186 Mbits/sec
[  7] 10.0-12.0 sec  44.9 MBytes   188 Mbits/sec
[  6] 10.0-12.0 sec  44.4 MBytes   186 Mbits/sec
[SUM] 10.0-12.0 sec   222 MBytes   931 Mbits/sec
[  7] 12.0-14.0 sec  44.0 MBytes   185 Mbits/sec
[  6] 12.0-14.0 sec  44.5 MBytes   187 Mbits/sec
[  3] 12.0-14.0 sec  44.2 MBytes   186 Mbits/sec
[  4] 12.0-14.0 sec  44.4 MBytes   186 Mbits/sec
[  5] 12.0-14.0 sec  44.4 MBytes   186 Mbits/sec
[SUM] 12.0-14.0 sec   222 MBytes   929 Mbits/sec
[  5] 14.0-16.0 sec  44.2 MBytes   186 Mbits/sec
[  7] 14.0-16.0 sec  44.4 MBytes   186 Mbits/sec
[  4] 14.0-16.0 sec  44.4 MBytes   186 Mbits/sec
[  6] 14.0-16.0 sec  44.4 MBytes   186 Mbits/sec
[  3] 14.0-16.0 sec  44.4 MBytes   186 Mbits/sec
[SUM] 14.0-16.0 sec   222 MBytes   930 Mbits/sec
[  3] 16.0-18.0 sec  44.2 MBytes   186 Mbits/sec
[  4] 16.0-18.0 sec  44.1 MBytes   185 Mbits/sec
[  5] 16.0-18.0 sec  44.2 MBytes   186 Mbits/sec
[  7] 16.0-18.0 sec  44.5 MBytes   187 Mbits/sec
[  6] 16.0-18.0 sec  44.4 MBytes   186 Mbits/sec
[SUM] 16.0-18.0 sec   222 MBytes   929 Mbits/sec
[  3]  0.0-20.0 sec   443 MBytes   186 Mbits/sec
[  7] 18.0-20.0 sec  44.0 MBytes   185 Mbits/sec
[  7]  0.0-20.0 sec   444 MBytes   186 Mbits/sec
[  4] 18.0-20.0 sec  44.4 MBytes   186 Mbits/sec
[  4]  0.0-20.0 sec   444 MBytes   186 Mbits/sec
[  5] 18.0-20.0 sec  44.4 MBytes   186 Mbits/sec
[  5]  0.0-20.0 sec   444 MBytes   186 Mbits/sec
[  6] 18.0-20.0 sec  44.1 MBytes   185 Mbits/sec
[  6]  0.0-20.0 sec   444 MBytes   186 Mbits/sec
[SUM]  0.0-20.0 sec  2.17 GBytes   930 Mbits/sec
