------------------------------------------------------------
Client connecting to 192.168.1.20, TCP port 5001
TCP window size: 85.0 KByte (default)
------------------------------------------------------------
[  7] local 192.168.1.10 port 49740 connected with 192.168.1.20 port 5001
[  4] local 192.168.1.10 port 49732 connected with 192.168.1.20 port 5001
[  3] local 192.168.1.10 port 49734 connected with 192.168.1.20 port 5001
[  6] local 192.168.1.10 port 49736 connected with 192.168.1.20 port 5001
[  5] local 192.168.1.10 port 49738 connected with 192.168.1.20 port 5001
[ ID] Interval       Transfer     Bandwidth
[  4]  0.0- 2.0 sec  57.1 MBytes   240 Mbits/sec
[  3]  0.0- 2.0 sec  56.9 MBytes   239 Mbits/sec
[  6]  0.0- 2.0 sec  38.9 MBytes   163 Mbits/sec
[  5]  0.0- 2.0 sec  55.8 MBytes   234 Mbits/sec
[  7]  0.0- 2.0 sec  18.9 MBytes  79.2 Mbits/sec
[SUM]  0.0- 2.0 sec   228 MBytes   954 Mbits/sec
[  4]  2.0- 4.0 sec  55.9 MBytes   234 Mbits/sec
[  3]  2.0- 4.0 sec  56.2 MBytes   236 Mbits/sec
[  6]  2.0- 4.0 sec  37.2 MBytes   156 Mbits/sec
[  5]  2.0- 4.0 sec  56.2 MBytes   236 Mbits/sec
[  7]  2.0- 4.0 sec  18.9 MBytes  79.2 Mbits/sec
[SUM]  2.0- 4.0 sec   224 MBytes   942 Mbits/sec
[  5]  4.0- 6.0 sec  56.2 MBytes   236 Mbits/sec
[  4]  4.0- 6.0 sec  56.4 MBytes   236 Mbits/sec
[  3]  4.0- 6.0 sec  56.1 MBytes   235 Mbits/sec
[  6]  4.0- 6.0 sec  29.0 MBytes   122 Mbits/sec
[  7]  4.0- 6.0 sec  27.1 MBytes   114 Mbits/sec
[SUM]  4.0- 6.0 sec   225 MBytes   943 Mbits/sec
[  4]  6.0- 8.0 sec  56.1 MBytes   235 Mbits/sec
[  3]  6.0- 8.0 sec  56.0 MBytes   235 Mbits/sec
[  5]  6.0- 8.0 sec  56.1 MBytes   235 Mbits/sec
[  7]  6.0- 8.0 sec  28.1 MBytes   118 Mbits/sec
[  6]  6.0- 8.0 sec  28.1 MBytes   118 Mbits/sec
[SUM]  6.0- 8.0 sec   224 MBytes   942 Mbits/sec
[  4]  8.0-10.0 sec  56.1 MBytes   235 Mbits/sec
[  5]  8.0-10.0 sec  56.0 MBytes   235 Mbits/sec
[  3]  8.0-10.0 sec  56.2 MBytes   236 Mbits/sec
[  6]  8.0-10.0 sec  28.1 MBytes   118 Mbits/sec
[  7]  8.0-10.0 sec  28.1 MBytes   118 Mbits/sec
[SUM]  8.0-10.0 sec   225 MBytes   942 Mbits/sec
[  7] 10.0-12.0 sec  28.0 MBytes   117 Mbits/sec
[  4] 10.0-12.0 sec  56.1 MBytes   235 Mbits/sec
[  3] 10.0-12.0 sec  56.1 MBytes   235 Mbits/sec
[  5] 10.0-12.0 sec  56.4 MBytes   236 Mbits/sec
[  6] 10.0-12.0 sec  28.1 MBytes   118 Mbits/sec
[SUM] 10.0-12.0 sec   225 MBytes   943 Mbits/sec
[  7] 12.0-14.0 sec  28.1 MBytes   118 Mbits/sec
[  4] 12.0-14.0 sec  56.2 MBytes   236 Mbits/sec
[  3] 12.0-14.0 sec  56.2 MBytes   236 Mbits/sec
[  5] 12.0-14.0 sec  56.2 MBytes   236 Mbits/sec
[  6] 12.0-14.0 sec  28.1 MBytes   118 Mbits/sec
[SUM] 12.0-14.0 sec   225 MBytes   944 Mbits/sec
[  6] 14.0-16.0 sec  27.9 MBytes   117 Mbits/sec
[  7] 14.0-16.0 sec  28.1 MBytes   118 Mbits/sec
[  4] 14.0-16.0 sec  56.1 MBytes   235 Mbits/sec
[  3] 14.0-16.0 sec  56.1 MBytes   235 Mbits/sec
[  5] 14.0-16.0 sec  56.2 MBytes   236 Mbits/sec
[SUM] 14.0-16.0 sec   224 MBytes   942 Mbits/sec
[  7] 16.0-18.0 sec  27.9 MBytes   117 Mbits/sec
[  4] 16.0-18.0 sec  56.1 MBytes   235 Mbits/sec
[  3] 16.0-18.0 sec  56.0 MBytes   235 Mbits/sec
[  6] 16.0-18.0 sec  28.0 MBytes   117 Mbits/sec
[  5] 16.0-18.0 sec  56.0 MBytes   235 Mbits/sec
[SUM] 16.0-18.0 sec   224 MBytes   940 Mbits/sec
[  7] 18.0-20.0 sec  28.1 MBytes   118 Mbits/sec
[  7]  0.0-20.0 sec   262 MBytes   110 Mbits/sec
[  4] 18.0-20.0 sec  56.1 MBytes   235 Mbits/sec
[  4]  0.0-20.0 sec   562 MBytes   236 Mbits/sec
[  3] 18.0-20.0 sec  56.2 MBytes   236 Mbits/sec
[  3]  0.0-20.0 sec   562 MBytes   236 Mbits/sec
[  6] 18.0-20.0 sec  28.1 MBytes   118 Mbits/sec
[  6]  0.0-20.0 sec   302 MBytes   127 Mbits/sec
[  5] 18.0-20.0 sec  56.2 MBytes   236 Mbits/sec
[SUM] 18.0-20.0 sec   225 MBytes   943 Mbits/sec
[  5]  0.0-20.0 sec   562 MBytes   235 Mbits/sec
[SUM]  0.0-20.0 sec  2.20 GBytes   943 Mbits/sec
